1617286591307	geckodriver	INFO	Listening on 127.0.0.1:53421
1617286594510	mozrunner::runner	INFO	Running command: "C:\\Program Files\\Mozilla Firefox\\firefox.exe" "--marionette" "-foreground" "-no-remote" "-profile" "C:\\Users\\kavib\\AppData\\Local\\Temp\\rust_mozprofileGC4TU0"
console.warn: SearchSettings: "get: No settings file exists, new profile?" (new Error("", "(unknown module)"))
1617286600711	Marionette	INFO	Listening on port 53430
1617286600953	Marionette	WARN	TLS certificate errors will be ignored for this session
1617286961215	geckodriver	INFO	Listening on 127.0.0.1:53892
1617286964372	mozrunner::runner	INFO	Running command: "C:\\Program Files\\Mozilla Firefox\\firefox.exe" "--marionette" "-foreground" "-no-remote" "-profile" "C:\\Users\\kavib\\AppData\\Local\\Temp\\rust_mozprofilePvGlWK"
console.warn: SearchSettings: "get: No settings file exists, new profile?" (new Error("", "(unknown module)"))
1617286969384	Marionette	INFO	Listening on port 53901
1617286969781	Marionette	WARN	TLS certificate errors will be ignored for this session
1617286985157	Marionette	INFO	Stopped listening on port 53901
1617288624560	geckodriver	INFO	Listening on 127.0.0.1:54868
1617288627700	mozrunner::runner	INFO	Running command: "C:\\Program Files\\Mozilla Firefox\\firefox.exe" "--marionette" "-foreground" "-no-remote" "-profile" "C:\\Users\\kavib\\AppData\\Local\\Temp\\rust_mozprofileI0YV9i"
console.warn: SearchSettings: "get: No settings file exists, new profile?" (new Error("", "(unknown module)"))
1617288634568	Marionette	INFO	Listening on port 54877
1617288634747	Marionette	WARN	TLS certificate errors will be ignored for this session
1617288649573	Marionette	INFO	Stopped listening on port 54877

###!!! [Child][RunMessage] Error: Channel closing: too late to send/recv, messages will be lost


###!!! [Child][RunMessage] Error: Channel closing: too late to send/recv, messages will be lost

1617289004937	geckodriver	INFO	Listening on 127.0.0.1:55165
1617289008031	mozrunner::runner	INFO	Running command: "C:\\Program Files\\Mozilla Firefox\\firefox.exe" "--marionette" "-foreground" "-no-remote" "-profile" "C:\\Users\\kavib\\AppData\\Local\\Temp\\rust_mozprofile6wb1In"
console.warn: SearchSettings: "get: No settings file exists, new profile?" (new Error("", "(unknown module)"))
1617289012259	Marionette	INFO	Listening on port 55175
1617289012330	Marionette	WARN	TLS certificate errors will be ignored for this session
1617289030366	Marionette	INFO	Stopped listening on port 55175

###!!! [Child][RunMessage] Error: Channel closing: too late to send/recv, messages will be lost

[Parent 3728, IPC I/O Parent] WARNING: pipe error: 232: file /builds/worker/checkouts/gecko/ipc/chromium/src/chrome/common/ipc_channel_win.cc:545
